{
  "stats": {
    "suites": 1,
    "tests": 2,
    "passes": 2,
    "pending": 0,
    "failures": 0,
    "start": "2026-05-07T02:53:39.818Z",
    "end": "2026-05-07T02:53:40.901Z",
    "duration": 1083,
    "testsRegistered": 2,
    "passPercent": 100,
    "pendingPercent": 0,
    "other": 0,
    "hasOther": false,
    "skipped": 0,
    "hasSkipped": false
  },
  "results": [
    {
      "uuid": "8295bc6f-903b-4eeb-8c0d-277f48ccd414",
      "title": "",
      "fullFile": "cypress\\e2e\\security\\security.cy.js",
      "file": "cypress\\e2e\\security\\security.cy.js",
      "beforeHooks": [],
      "afterHooks": [],
      "tests": [],
      "suites": [
        {
          "uuid": "ba1826f2-672a-42d6-9bc4-3b9a7e2c92bf",
          "title": "Security Testing",
          "fullFile": "",
          "file": "",
          "beforeHooks": [],
          "afterHooks": [],
          "tests": [
            {
              "title": "should validate security headers",
              "fullTitle": "Security Testing should validate security headers",
              "timedOut": null,
              "duration": 88,
              "state": "passed",
              "speed": "fast",
              "pass": true,
              "fail": false,
              "pending": false,
              "context": null,
              "code": "cy.request('https://jsonplaceholder.typicode.com/users').then(response => {\n  expect(response.headers).to.exist;\n});",
              "err": {},
              "uuid": "6e27047a-314b-4413-b365-e5d3e68611d4",
              "parentUUID": "ba1826f2-672a-42d6-9bc4-3b9a7e2c92bf",
              "isHook": false,
              "skipped": false
            },
            {
              "title": "should prevent invalid login",
              "fullTitle": "Security Testing should prevent invalid login",
              "timedOut": null,
              "duration": 941,
              "state": "passed",
              "speed": "fast",
              "pass": true,
              "fail": false,
              "pending": false,
              "context": null,
              "code": "cy.visit('/');\ncy.get('[data-cy=\"username\"]').type('admin');\ncy.get('[data-cy=\"password\"]').type('wrong-password');\ncy.get('[data-cy=\"login-btn\"]').click();\ncy.url().should('not.include', '/dashboard');",
              "err": {},
              "uuid": "1dc3308b-bbd5-4eb6-afed-deca55bd9277",
              "parentUUID": "ba1826f2-672a-42d6-9bc4-3b9a7e2c92bf",
              "isHook": false,
              "skipped": false
            }
          ],
          "suites": [],
          "passes": [
            "6e27047a-314b-4413-b365-e5d3e68611d4",
            "1dc3308b-bbd5-4eb6-afed-deca55bd9277"
          ],
          "failures": [],
          "pending": [],
          "skipped": [],
          "duration": 1029,
          "root": false,
          "rootEmpty": false,
          "_timeout": 2000
        }
      ],
      "passes": [],
      "failures": [],
      "pending": [],
      "skipped": [],
      "duration": 0,
      "root": true,
      "rootEmpty": true,
      "_timeout": 2000
    }
  ],
  "meta": {
    "mocha": {
      "version": "7.2.0"
    },
    "mochawesome": {
      "options": {
        "quiet": false,
        "reportFilename": "mochawesome",
        "saveHtml": true,
        "saveJson": true,
        "consoleReporter": "spec",
        "useInlineDiffs": false,
        "code": true
      },
      "version": "7.1.4"
    },
    "marge": {
      "options": {
        "reportDir": "mochawesome-report",
        "overwrite": false,
        "html": true,
        "json": true
      },
      "version": "6.3.2"
    }
  }
}