{
  "stats": {
    "suites": 1,
    "tests": 1,
    "passes": 1,
    "pending": 0,
    "failures": 0,
    "start": "2026-05-07T02:53:46.184Z",
    "end": "2026-05-07T02:53:47.295Z",
    "duration": 1111,
    "testsRegistered": 1,
    "passPercent": 100,
    "pendingPercent": 0,
    "other": 0,
    "hasOther": false,
    "skipped": 0,
    "hasSkipped": false
  },
  "results": [
    {
      "uuid": "960fb7a7-eacf-442e-be09-2f854199769c",
      "title": "",
      "fullFile": "cypress\\e2e\\studio\\studio-generated.cy.js",
      "file": "cypress\\e2e\\studio\\studio-generated.cy.js",
      "beforeHooks": [],
      "afterHooks": [],
      "tests": [],
      "suites": [
        {
          "uuid": "c45bc9b6-458f-465e-8886-759b550b2196",
          "title": "Cypress Studio Demo",
          "fullFile": "",
          "file": "",
          "beforeHooks": [],
          "afterHooks": [],
          "tests": [
            {
              "title": "studio generated example",
              "fullTitle": "Cypress Studio Demo studio generated example",
              "timedOut": null,
              "duration": 1073,
              "state": "passed",
              "speed": "fast",
              "pass": true,
              "fail": false,
              "pending": false,
              "context": null,
              "code": "cy.visit('/');\ncy.get('[data-cy=\"username\"]').type('studio-user');\ncy.get('[data-cy=\"password\"]').type('studio-password');\ncy.get('[data-cy=\"login-btn\"]').click();",
              "err": {},
              "uuid": "af7b92f0-cfc6-420a-951c-366bf0b58158",
              "parentUUID": "c45bc9b6-458f-465e-8886-759b550b2196",
              "isHook": false,
              "skipped": false
            }
          ],
          "suites": [],
          "passes": [
            "af7b92f0-cfc6-420a-951c-366bf0b58158"
          ],
          "failures": [],
          "pending": [],
          "skipped": [],
          "duration": 1073,
          "root": false,
          "rootEmpty": false,
          "_timeout": 2000
        }
      ],
      "passes": [],
      "failures": [],
      "pending": [],
      "skipped": [],
      "duration": 0,
      "root": true,
      "rootEmpty": true,
      "_timeout": 2000
    }
  ],
  "meta": {
    "mocha": {
      "version": "7.2.0"
    },
    "mochawesome": {
      "options": {
        "quiet": false,
        "reportFilename": "mochawesome",
        "saveHtml": true,
        "saveJson": true,
        "consoleReporter": "spec",
        "useInlineDiffs": false,
        "code": true
      },
      "version": "7.1.4"
    },
    "marge": {
      "options": {
        "reportDir": "mochawesome-report",
        "overwrite": false,
        "html": true,
        "json": true
      },
      "version": "6.3.2"
    }
  }
}